* About to connect() to eds-api.ebscohost.com port 80 (#0)
*   Trying 140.234.252.186...
* connected
* Connected to eds-api.ebscohost.com (140.234.252.186) port 80 (#0)
> GET /edsapi/rest/Search?sort=relevance&searchmode=all&view=detailed&includefacets=y&resultsperpage=20&pagenumber=1&highlight=y&expander=fulltext&query=Malaysia&action=addfacetfilter%28ContentProvider%3ANewsBank%29&action=addfacetfilter%28ContentProvider%3ANewsBank%29&action=GoToPage%281%29 HTTP/1.1
Host: eds-api.ebscohost.com
Accept: */*
x-authenticationToken: 7133962e-c2b1-4e06-ae76-39f3f276ee80
x-sessionToken: c0513602-84f2-468d-b07a-1f57ba4c781c.K7XQfDiKwNjGoNIrzrwqT4GaHK8TPh8ntRfIhLrg0AI=

< HTTP/1.1 200 OK
< Cache-Control: private
< Content-Length: 58888
< Content-Type: application/xml; charset=utf-8
< Server: Microsoft-IIS/7.5
< X-dynaTrace: PT=183403;PA=1509561207;PS=-760194407
< dynaTrace: PT=183403;PA=1509561207;PS=-760194407
< X-AspNet-Version: 4.0.30319
< X-Powered-By: ASP.NET
< Date: Thu, 19 Jul 2012 15:15:16 GMT
< 
* Connection #0 to host eds-api.ebscohost.com left intact
